<?xml version="1.0" encoding="UTF-8"?>
<testsuite name="com.example.stock.service.StockServiceTest" tests="1" skipped="0" failures="0" errors="0" timestamp="2024-06-19T10:40:28" hostname="kyungmin-MacBookPro.local" time="0.477">
  <properties/>
  <testcase name="decreaseStock()" classname="com.example.stock.service.StockServiceTest" time="0.477"/>
  <system-out><![CDATA[19:40:26.742 [Test worker] INFO org.springframework.test.context.support.AnnotationConfigContextLoaderUtils -- Could not detect default configuration classes for test class [com.example.stock.service.StockServiceTest]: StockServiceTest does not declare any static, non-private, non-final, nested classes annotated with @Configuration.
19:40:26.784 [Test worker] INFO org.springframework.boot.test.context.SpringBootTestContextBootstrapper -- Found @SpringBootConfiguration com.example.stock.StockApplication for test class com.example.stock.service.StockServiceTest

  .   ____          _            __ _ _
 /\\ / ___'_ __ _ _(_)_ __  __ _ \ \ \ \
( ( )\___ | '_ | '_| | '_ \/ _` | \ \ \ \
 \\/  ___)| |_)| | | | | || (_| |  ) ) ) )
  '  |____| .__|_| |_|_| |_\__, | / / / /
 =========|_|==============|___/=/_/_/_/
 :: Spring Boot ::                (v3.2.6)

2024-06-19T19:40:26.959+09:00  INFO 4023 --- [    Test worker] c.e.stock.service.StockServiceTest       : Starting StockServiceTest using Java 17.0.9 with PID 4023 (started by kyungmin in /Users/kyungmin/stockSystem/stock/StockSystem)
2024-06-19T19:40:26.960+09:00  INFO 4023 --- [    Test worker] c.e.stock.service.StockServiceTest       : No active profile set, falling back to 1 default profile: "default"
2024-06-19T19:40:27.215+09:00  INFO 4023 --- [    Test worker] .s.d.r.c.RepositoryConfigurationDelegate : Bootstrapping Spring Data JPA repositories in DEFAULT mode.
2024-06-19T19:40:27.237+09:00  INFO 4023 --- [    Test worker] .s.d.r.c.RepositoryConfigurationDelegate : Finished Spring Data repository scanning in 19 ms. Found 1 JPA repository interface.
2024-06-19T19:40:27.407+09:00  INFO 4023 --- [    Test worker] o.hibernate.jpa.internal.util.LogHelper  : HHH000204: Processing PersistenceUnitInfo [name: default]
2024-06-19T19:40:27.428+09:00  INFO 4023 --- [    Test worker] org.hibernate.Version                    : HHH000412: Hibernate ORM core version 6.4.8.Final
2024-06-19T19:40:27.444+09:00  INFO 4023 --- [    Test worker] o.h.c.internal.RegionFactoryInitiator    : HHH000026: Second-level cache disabled
2024-06-19T19:40:27.535+09:00  INFO 4023 --- [    Test worker] o.s.o.j.p.SpringPersistenceUnitInfo      : No LoadTimeWeaver setup: ignoring JPA class transformer
2024-06-19T19:40:27.549+09:00  INFO 4023 --- [    Test worker] com.zaxxer.hikari.HikariDataSource       : HikariPool-1 - Starting...
2024-06-19T19:40:27.736+09:00  INFO 4023 --- [    Test worker] com.zaxxer.hikari.pool.HikariPool        : HikariPool-1 - Added connection com.mysql.cj.jdbc.ConnectionImpl@59371066
2024-06-19T19:40:27.737+09:00  INFO 4023 --- [    Test worker] com.zaxxer.hikari.HikariDataSource       : HikariPool-1 - Start completed.
2024-06-19T19:40:28.108+09:00  INFO 4023 --- [    Test worker] o.h.e.t.j.p.i.JtaPlatformInitiator       : HHH000489: No JTA platform available (set 'hibernate.transaction.jta.platform' to enable JTA platform integration)
2024-06-19T19:40:28.115+09:00 DEBUG 4023 --- [    Test worker] org.hibernate.SQL                        : drop table if exists stock
Hibernate: drop table if exists stock
2024-06-19T19:40:28.132+09:00 DEBUG 4023 --- [    Test worker] org.hibernate.SQL                        : create table stock (id bigint not null auto_increment, product_id bigint, quantity bigint, primary key (id)) engine=InnoDB
Hibernate: create table stock (id bigint not null auto_increment, product_id bigint, quantity bigint, primary key (id)) engine=InnoDB
2024-06-19T19:40:28.150+09:00  INFO 4023 --- [    Test worker] j.LocalContainerEntityManagerFactoryBean : Initialized JPA EntityManagerFactory for persistence unit 'default'
2024-06-19T19:40:28.319+09:00  WARN 4023 --- [    Test worker] JpaBaseConfiguration$JpaWebConfiguration : spring.jpa.open-in-view is enabled by default. Therefore, database queries may be performed during view rendering. Explicitly configure spring.jpa.open-in-view to disable this warning
2024-06-19T19:40:28.519+09:00  INFO 4023 --- [    Test worker] c.e.stock.service.StockServiceTest       : Started StockServiceTest in 1.639 seconds (process running for 2.139)
2024-06-19T19:40:28.882+09:00 DEBUG 4023 --- [    Test worker] org.hibernate.SQL                        : insert into stock (product_id,quantity) values (?,?)
Hibernate: insert into stock (product_id,quantity) values (?,?)
2024-06-19T19:40:28.922+09:00 DEBUG 4023 --- [    Test worker] org.hibernate.SQL                        : select s1_0.id,s1_0.product_id,s1_0.quantity from stock s1_0 where s1_0.id=?
Hibernate: select s1_0.id,s1_0.product_id,s1_0.quantity from stock s1_0 where s1_0.id=?
2024-06-19T19:40:28.930+09:00 DEBUG 4023 --- [    Test worker] org.hibernate.SQL                        : update stock set product_id=?,quantity=? where id=?
Hibernate: update stock set product_id=?,quantity=? where id=?
2024-06-19T19:40:28.940+09:00 DEBUG 4023 --- [    Test worker] org.hibernate.SQL                        : select s1_0.id,s1_0.product_id,s1_0.quantity from stock s1_0 where s1_0.id=?
Hibernate: select s1_0.id,s1_0.product_id,s1_0.quantity from stock s1_0 where s1_0.id=?
2024-06-19T19:40:28.985+09:00 DEBUG 4023 --- [    Test worker] org.hibernate.SQL                        : select s1_0.id,s1_0.product_id,s1_0.quantity from stock s1_0
Hibernate: select s1_0.id,s1_0.product_id,s1_0.quantity from stock s1_0
2024-06-19T19:40:28.990+09:00 DEBUG 4023 --- [    Test worker] org.hibernate.SQL                        : delete from stock where id=?
Hibernate: delete from stock where id=?
]]></system-out>
  <system-err><![CDATA[]]></system-err>
</testsuite>
